[    0.000000] Linux version 4.15.0-212-generic (buildd@lcy02-amd64-083) (gcc version 7.5.0 (Ubuntu 7.5.0-3ubuntu1~18.04)) #223-Ubuntu SMP Tue May 23 13:09:22 UTC 2023 (Ubuntu 4.15.0-212.223-generic 4.15.18)
[    0.000000] Command line: BOOT_IMAGE=/boot/vmlinuz-4.15.0-212-generic root=LABEL=cloudimg-rootfs ro console=tty1 console=ttyS0
[    0.000000] KERNEL supported cpus:
[    0.000000]   Intel GenuineIntel
[    0.000000]   AMD AuthenticAMD
[    0.000000]   Centaur CentaurHauls
[    0.000000] x86/fpu: Supporting XSAVE feature 0x001: 'x87 floating point registers'
[    0.000000] x86/fpu: Supporting XSAVE feature 0x002: 'SSE registers'
[    0.000000] x86/fpu: Supporting XSAVE feature 0x004: 'AVX registers'
[    0.000000] x86/fpu: xstate_offset[2]:  576, xstate_sizes[2]:  256
[    0.000000] x86/fpu: Enabled xstate features 0x7, context size is 832 bytes, using 'standard' format.
[    0.000000] e820: BIOS-provided physical RAM map:
[    0.000000] BIOS-e820: [mem 0x0000000000000000-0x000000000009fbff] usable
[    0.000000] BIOS-e820: [mem 0x000000000009fc00-0x000000000009ffff] reserved
[    0.000000] BIOS-e820: [mem 0x00000000000f0000-0x00000000000fffff] reserved
[    0.000000] BIOS-e820: [mem 0x0000000000100000-0x000000003ffeffff] usable
[    0.000000] BIOS-e820: [mem 0x000000003fff0000-0x000000003fffffff] ACPI data
[    0.000000] BIOS-e820: [mem 0x00000000fec00000-0x00000000fec00fff] reserved
[    0.000000] BIOS-e820: [mem 0x00000000fee00000-0x00000000fee00fff] reserved
[    0.000000] BIOS-e820: [mem 0x00000000fffc0000-0x00000000ffffffff] reserved
[    0.000000] NX (Execute Disable) protection: active
[    0.000000] SMBIOS 2.5 present.
[    0.000000] DMI: innotek GmbH VirtualBox/VirtualBox, BIOS VirtualBox 12/01/2006
[    0.000000] Hypervisor detected: KVM
[    0.000000] e820: last_pfn = 0x3fff0 max_arch_pfn = 0x400000000
[    0.000000] MTRR: Disabled
[    0.000000] x86/PAT: MTRRs disabled, skipping PAT initialization too.
[    0.000000] CPU MTRRs all blank - virtualized system.
[    0.000000] x86/PAT: Configuration [0-7]: WB  WT  UC- UC  WB  WT  UC- UC  
[    0.000000] found SMP MP-table at [mem 0x0009fff0-0x0009ffff]
[    0.000000] Scanning 1 areas for low memory corruption
[    0.000000] RAMDISK: [mem 0x359cb000-0x36cdcfff]
[    0.000000] ACPI: Early table checksum verification disabled
[    0.000000] ACPI: RSDP 0x00000000000E0000 000024 (v02 VBOX  )
[    0.000000] ACPI: XSDT 0x000000003FFF0030 00003C (v01 VBOX   VBOXXSDT 00000001 ASL  00000061)
[    0.000000] ACPI: FACP 0x000000003FFF00F0 0000F4 (v04 VBOX   VBOXFACP 00000001 ASL  00000061)
[    0.000000] ACPI: DSDT 0x000000003FFF0610 002353 (v02 VBOX   VBOXBIOS 00000002 INTL 20230628)
[    0.000000] ACPI: FACS 0x000000003FFF0200 000040
[    0.000000] ACPI: FACS 0x000000003FFF0200 000040
[    0.000000] ACPI: APIC 0x000000003FFF0240 00005C (v02 VBOX   VBOXAPIC 00000001 ASL  00000061)
[    0.000000] ACPI: SSDT 0x000000003FFF02A0 00036C (v01 VBOX   VBOXCPUT 00000002 INTL 20230628)
[    0.000000] ACPI: Reserving FACP table memory at [mem 0x3fff00f0-0x3fff01e3]
[    0.000000] ACPI: Reserving DSDT table memory at [mem 0x3fff0610-0x3fff2962]
[    0.000000] ACPI: Reserving FACS table memory at [mem 0x3fff0200-0x3fff023f]
[    0.000000] ACPI: Reserving FACS table memory at [mem 0x3fff0200-0x3fff023f]
[    0.000000] ACPI: Reserving APIC table memory at [mem 0x3fff0240-0x3fff029b]
[    0.000000] ACPI: Reserving SSDT table memory at [mem 0x3fff02a0-0x3fff060b]
[    0.000000] No NUMA configuration found
[    0.000000] Faking a node at [mem 0x0000000000000000-0x000000003ffeffff]
[    0.000000] NODE_DATA(0) allocated [mem 0x3ffc5000-0x3ffeffff]
[    0.000000] kvm-clock: cpu 0, msr 0:3ff44001, primary cpu clock
[    0.000000] kvm-clock: Using msrs 4b564d01 and 4b564d00
[    0.000000] kvm-clock: using sched offset of 3602147055 cycles
[    0.000000] clocksource: kvm-clock: mask: 0xffffffffffffffff max_cycles: 0x1cd42e4dffb, max_idle_ns: 881590591483 ns
[    0.000000] Zone ranges:
[    0.000000]   DMA      [mem 0x0000000000001000-0x0000000000ffffff]
[    0.000000]   DMA32    [mem 0x0000000001000000-0x000000003ffeffff]
[    0.000000]   Normal   empty
[    0.000000]   Device   empty
[    0.000000] Movable zone start for each node
[    0.000000] Early memory node ranges
[    0.000000]   node   0: [mem 0x0000000000001000-0x000000000009efff]
[    0.000000]   node   0: [mem 0x0000000000100000-0x000000003ffeffff]
[    0.000000] Reserved but unavailable: 104 pages
[    0.000000] Initmem setup node 0 [mem 0x0000000000001000-0x000000003ffeffff]
[    0.000000] ACPI: PM-Timer IO Port: 0x4008
[    0.000000] IOAPIC[0]: apic_id 2, version 32, address 0xfec00000, GSI 0-23
[    0.000000] ACPI: INT_SRC_OVR (bus 0 bus_irq 0 global_irq 2 dfl dfl)
[    0.000000] ACPI: INT_SRC_OVR (bus 0 bus_irq 9 global_irq 9 low level)
[    0.000000] Using ACPI (MADT) for SMP configuration information
[    0.000000] smpboot: Allowing 2 CPUs, 0 hotplug CPUs
[    0.000000] PM: Registered nosave memory: [mem 0x00000000-0x00000fff]
[    0.000000] PM: Registered nosave memory: [mem 0x0009f000-0x0009ffff]
[    0.000000] PM: Registered nosave memory: [mem 0x000a0000-0x000effff]
[    0.000000] PM: Registered nosave memory: [mem 0x000f0000-0x000fffff]
[    0.000000] e820: [mem 0x40000000-0xfebfffff] available for PCI devices
[    0.000000] Booting paravirtualized kernel on KVM
[    0.000000] clocksource: refined-jiffies: mask: 0xffffffff max_cycles: 0xffffffff, max_idle_ns: 7645519600211568 ns
[    0.000000] setup_percpu: NR_CPUS:8192 nr_cpumask_bits:2 nr_cpu_ids:2 nr_node_ids:1
[    0.000000] percpu: Embedded 50 pages/cpu s167936 r8192 d28672 u1048576
[    0.000000] PV qspinlock hash table entries: 256 (order: 0, 4096 bytes)
[    0.000000] Built 1 zonelists, mobility grouping on.  Total pages: 257913
[    0.000000] Policy zone: DMA32
[    0.000000] Kernel command line: BOOT_IMAGE=/boot/vmlinuz-4.15.0-212-generic root=LABEL=cloudimg-rootfs ro console=tty1 console=ttyS0
[    0.000000] Memory: 982644K/1048120K available (12300K kernel code, 2477K rwdata, 4324K rodata, 2480K init, 2720K bss, 65476K reserved, 0K cma-reserved)
[    0.000000] SLUB: HWalign=64, Order=0-3, MinObjects=0, CPUs=2, Nodes=1
[    0.000000] Kernel/User page tables isolation: enabled
[    0.000000] ftrace: allocating 39508 entries in 155 pages
[    0.004000] Hierarchical RCU implementation.
[    0.004000] 	RCU restricting CPUs from NR_CPUS=8192 to nr_cpu_ids=2.
[    0.004000] 	Tasks RCU enabled.
[    0.004000] RCU: Adjusting geometry for rcu_fanout_leaf=16, nr_cpu_ids=2
[    0.004000] NR_IRQS: 524544, nr_irqs: 440, preallocated irqs: 16
[    0.004000] random: crng init done
[    0.004000] Console: colour VGA+ 80x25
[    0.004000] console [tty1] enabled
[    0.004000] console [ttyS0] enabled
[    0.004000] ACPI: Core revision 20170831
[    0.004000] ACPI: 2 ACPI AML tables successfully acquired and loaded
[    0.004000] APIC: Switch to symmetric I/O mode setup
[    0.004000] x2apic enabled
[    0.004000] Switched APIC routing to physical x2apic.
[    0.004000] ..TIMER: vector=0x30 apic1=0 pin1=2 apic2=-1 pin2=-1
[    0.004000] tsc: Detected 1896.000 MHz processor
[    0.004000] Calibrating delay loop (skipped) preset value.. 3792.00 BogoMIPS (lpj=7584000)
[    0.004000] pid_max: default: 32768 minimum: 301
[    0.004000] Security Framework initialized
[    0.004000] Yama: becoming mindful.
[    0.004000] AppArmor: AppArmor initialized
[    0.004000] Dentry cache hash table entries: 131072 (order: 8, 1048576 bytes)
[    0.004000] Inode-cache hash table entries: 65536 (order: 7, 524288 bytes)
[    0.004000] Mount-cache hash table entries: 2048 (order: 2, 16384 bytes)
[    0.004000] Mountpoint-cache hash table entries: 2048 (order: 2, 16384 bytes)
[    0.004000] Last level iTLB entries: 4KB 64, 2MB 8, 4MB 8
[    0.004000] Last level dTLB entries: 4KB 64, 2MB 0, 4MB 0, 1GB 4
[    0.004000] Spectre V1 : Mitigation: usercopy/swapgs barriers and __user pointer sanitization
[    0.004000] Spectre V2 : Mitigation: Retpolines
[    0.004000] Spectre V2 : Spectre v2 / SpectreRSB mitigation: Filling RSB on context switch
[    0.004000] Spectre V2 : Spectre v2 / SpectreRSB : Filling RSB on VMEXIT
[    0.004000] RETBleed: WARNING: Spectre v2 mitigation leaves CPU vulnerable to RETBleed attacks, data leaks possible!
[    0.004000] RETBleed: Vulnerable
[    0.004000] Speculative Store Bypass: Vulnerable
[    0.004000] MDS: Mitigation: Clear CPU buffers
[    0.004000] MMIO Stale Data: Mitigation: Clear CPU buffers
[    0.004000] SRBDS: Unknown: Dependent on hypervisor status
[    0.004000] Freeing SMP alternatives memory: 36K
[    0.130424] smpboot: CPU0: Intel(R) Core(TM) i5-8365U CPU @ 1.60GHz (family: 0x6, model: 0x8e, stepping: 0xc)
[    0.132000] Performance Events: unsupported p6 CPU model 142 no PMU driver, software events only.
[    0.132048] Hierarchical SRCU implementation.
[    0.133796] NMI watchdog: Perf event create on CPU 0 failed with -2
[    0.135093] NMI watchdog: Perf NMI watchdog permanently disabled
[    0.136056] smp: Bringing up secondary CPUs ...
[    0.137144] x86: Booting SMP configuration:
[    0.138089] .... node  #0, CPUs:      #1
[    0.004000] kvm-clock: cpu 1, msr 0:3ff44041, secondary cpu clock
[    0.142548] smp: Brought up 1 node, 2 CPUs
[    0.142548] smpboot: Max logical packages: 1
[    0.144009] smpboot: Total of 2 processors activated (7584.00 BogoMIPS)
[    0.145591] devtmpfs: initialized
[    0.145591] x86/mm: Memory block size: 128MB
[    0.148205] evm: security.selinux
[    0.149012] evm: security.SMACK64
[    0.149802] evm: security.SMACK64EXEC
[    0.150668] evm: security.SMACK64TRANSMUTE
[    0.152004] evm: security.SMACK64MMAP
[    0.152864] evm: security.apparmor
[    0.153666] evm: security.ima
[    0.154389] evm: security.capability
[    0.155280] clocksource: jiffies: mask: 0xffffffff max_cycles: 0xffffffff, max_idle_ns: 7645041785100000 ns
[    0.156018] futex hash table entries: 512 (order: 3, 32768 bytes)
[    0.157370] pinctrl core: initialized pinctrl subsystem
[    0.160320] RTC time: 21:12:00, date: 06/25/24
[    0.161499] NET: Registered protocol family 16
[    0.162570] audit: initializing netlink subsys (disabled)
[    0.164042] audit: type=2000 audit(1719349924.556:1): state=initialized audit_enabled=0 res=1
[    0.165905] cpuidle: using governor ladder
[    0.165905] cpuidle: using governor menu
[    0.168064] ACPI: bus type PCI registered
[    0.168934] acpiphp: ACPI Hot Plug PCI Controller Driver version: 0.5
[    0.170385] PCI: Using configuration type 1 for base access
[    0.173248] HugeTLB registered 2.00 MiB page size, pre-allocated 0 pages
[    0.176089] ACPI: Added _OSI(Module Device)
[    0.177071] ACPI: Added _OSI(Processor Device)
[    0.178027] ACPI: Added _OSI(3.0 _SCP Extensions)
[    0.179039] ACPI: Added _OSI(Processor Aggregator Device)
[    0.180011] ACPI: Added _OSI(Linux-Dell-Video)
[    0.181127] ACPI: Added _OSI(Linux-Lenovo-NV-HDMI-Audio)
[    0.182257] ACPI: Added _OSI(Linux-HPI-Hybrid-Graphics)
[    0.184311] ACPI: Executed 1 blocks of module-level executable AML code
[    0.190254] ACPI: Interpreter enabled
[    0.191145] ACPI: (supports S0 S5)
[    0.191949] ACPI: Using IOAPIC for interrupt routing
[    0.192321] PCI: Using host bridge windows from ACPI; if necessary, use "pci=nocrs" and report a bug
[    0.194440] ACPI: Enabled 2 GPEs in block 00 to 07
[    0.204537] ACPI: PCI Root Bridge [PCI0] (domain 0000 [bus 00-ff])
[    0.205914] acpi PNP0A03:00: _OSC: OS supports [ASPM ClockPM Segments MSI]
[    0.208000] acpi PNP0A03:00: _OSC: not requesting OS control; OS requires [ExtendedConfig ASPM ClockPM MSI]
[    0.208018] acpi PNP0A03:00: fail to add MMCONFIG information, can't access extended PCI configuration space under this bridge.
[    0.212466] PCI host bridge to bus 0000:00
[    0.214416] pci_bus 0000:00: root bus resource [io  0x0000-0x0cf7 window]
[    0.216004] pci_bus 0000:00: root bus resource [io  0x0d00-0xffff window]
[    0.217475] pci_bus 0000:00: root bus resource [mem 0x000a0000-0x000bffff window]
[    0.219117] pci_bus 0000:00: root bus resource [mem 0x40000000-0xfdffffff window]
[    0.220006] pci_bus 0000:00: root bus resource [bus 00-ff]
[    0.224930] pci 0000:00:01.1: legacy IDE quirk: reg 0x10: [io  0x01f0-0x01f7]
[    0.226485] pci 0000:00:01.1: legacy IDE quirk: reg 0x14: [io  0x03f6]
[    0.227854] pci 0000:00:01.1: legacy IDE quirk: reg 0x18: [io  0x0170-0x0177]
[    0.228003] pci 0000:00:01.1: legacy IDE quirk: reg 0x1c: [io  0x0376]
[    0.246704] pci 0000:00:07.0: quirk: [io  0x4000-0x403f] claimed by PIIX4 ACPI
[    0.248026] pci 0000:00:07.0: quirk: [io  0x4100-0x410f] claimed by PIIX4 SMB
[    0.260719] ACPI: PCI Interrupt Link [LNKA] (IRQs 5 9 10 *11)
[    0.262370] ACPI: PCI Interrupt Link [LNKB] (IRQs 5 9 *10 11)
[    0.264161] ACPI: PCI Interrupt Link [LNKC] (IRQs 5 *9 10 11)
[    0.265629] ACPI: PCI Interrupt Link [LNKD] (IRQs 5 9 10 *11)
[    0.267252] SCSI subsystem initialized
[    0.268041] pci 0000:00:02.0: vgaarb: setting as boot VGA device
[    0.269215] pci 0000:00:02.0: vgaarb: VGA device added: decodes=io+mem,owns=io+mem,locks=none
[    0.271018] pci 0000:00:02.0: vgaarb: bridge control possible
[    0.272012] vgaarb: loaded
[    0.272651] ACPI: bus type USB registered
[    0.273514] usbcore: registered new interface driver usbfs
[    0.274696] usbcore: registered new interface driver hub
[    0.276010] usbcore: registered new device driver usb
[    0.277131] EDAC MC: Ver: 3.0.0
[    0.277131] PCI: Using ACPI for IRQ routing
[    0.280330] NetLabel: Initializing
[    0.281133] NetLabel:  domain hash size = 128
[    0.282092] NetLabel:  protocols = UNLABELED CIPSOv4 CALIPSO
[    0.283309] NetLabel:  unlabeled traffic allowed by default
[    0.284094] clocksource: Switched to clocksource kvm-clock
[    0.295203] VFS: Disk quotas dquot_6.6.0
[    0.299619] VFS: Dquot-cache hash table entries: 512 (order 0, 4096 bytes)
[    0.301231] AppArmor: AppArmor Filesystem Enabled
[    0.302415] pnp: PnP ACPI init
[    0.304465] pnp: PnP ACPI: found 3 devices
[    0.314538] clocksource: acpi_pm: mask: 0xffffff max_cycles: 0xffffff, max_idle_ns: 2085701024 ns
[    0.316129] NET: Registered protocol family 2
[    0.316129] IP idents hash table entries: 16384 (order: 5, 131072 bytes)
[    0.316129] TCP established hash table entries: 8192 (order: 4, 65536 bytes)
[    0.321041] TCP bind hash table entries: 8192 (order: 5, 131072 bytes)
[    0.322491] TCP: Hash tables configured (established 8192 bind 8192)
[    0.323928] UDP hash table entries: 512 (order: 2, 16384 bytes)
[    0.325267] UDP-Lite hash table entries: 512 (order: 2, 16384 bytes)
[    0.326609] NET: Registered protocol family 1
[    0.327575] pci 0000:00:00.0: Limiting direct PCI/PCI transfers
[    0.328863] pci 0000:00:01.0: Activating ISA DMA hang workarounds
[    0.329254] pci 0000:00:02.0: Video device with shadowed ROM at [mem 0x000c0000-0x000dffff]
[    0.329254] Unpacking initramfs...
[    0.329254] Freeing initrd memory: 19528K
[    0.329254] clocksource: tsc: mask: 0xffffffffffffffff max_cycles: 0x36a8d32ce31, max_idle_ns: 881590731004 ns
[    0.329254] platform rtc_cmos: registered platform RTC device (no PNP device found)
[    0.329254] Scanning for low memory corruption every 60 seconds
[    0.754545] Initialise system trusted keyrings
[    0.755523] Key type blacklist registered
[    0.756575] workingset: timestamp_bits=36 max_order=18 bucket_order=0
[    0.759145] zbud: loaded
[    0.760462] squashfs: version 4.0 (2009/01/31) Phillip Lougher
[    0.761934] fuse init (API version 7.26)
[    0.765797] Key type asymmetric registered
[    0.766719] Asymmetric key parser 'x509' registered
[    0.767817] Block layer SCSI generic (bsg) driver version 0.4 loaded (major 246)
[    0.769635] io scheduler noop registered
[    0.770475] io scheduler deadline registered
[    0.771445] io scheduler cfq registered (default)
[    0.772812] ACPI: AC Adapter [AC] (off-line)
[    0.773780] input: Power Button as /devices/LNXSYSTM:00/LNXPWRBN:00/input/input0
[    0.775413] ACPI: Power Button [PWRF]
[    0.776360] input: Sleep Button as /devices/LNXSYSTM:00/LNXSLPBN:00/input/input1
[    0.777917] ACPI: Sleep Button [SLPF]
[    0.780133] ACPI: Battery Slot [BAT0] (battery present)
[    0.780252] Serial: 8250/16550 driver, 32 ports, IRQ sharing enabled
[    0.803599] 00:02: ttyS0 at I/O 0x3f8 (irq = 4, base_baud = 115200) is a 16550A
[    0.806868] Linux agpgart interface v0.103
[    0.809478] loop: module loaded
[    0.811118] scsi host0: ata_piix
[    0.812099] scsi host1: ata_piix
[    0.812906] ata1: PATA max UDMA/33 cmd 0x1f0 ctl 0x3f6 bmdma 0xd000 irq 14
[    0.814373] ata2: PATA max UDMA/33 cmd 0x170 ctl 0x376 bmdma 0xd008 irq 15
[    0.815857] tun: Universal TUN/TAP device driver, 1.6
[    0.817129] PPP generic driver version 2.4.2
[    0.818193] ehci_hcd: USB 2.0 'Enhanced' Host Controller (EHCI) Driver
[    0.819578] ehci-pci: EHCI PCI platform driver
[    0.820562] ehci-platform: EHCI generic platform driver
[    0.821649] ohci_hcd: USB 1.1 'Open' Host Controller (OHCI) Driver
[    0.822980] ohci-pci: OHCI PCI platform driver
[    0.823967] ohci-platform: OHCI generic platform driver
[    0.825279] uhci_hcd: USB Universal Host Controller Interface driver
[    0.826717] i8042: PNP: PS/2 Controller [PNP0303:PS2K,PNP0f03:PS2M] at 0x60,0x64 irq 1,12
[    0.829249] serio: i8042 KBD port at 0x60,0x64 irq 1
[    0.830487] serio: i8042 AUX port at 0x60,0x64 irq 12
[    0.831714] mousedev: PS/2 mouse device common for all mice
[    0.833266] input: AT Translated Set 2 keyboard as /devices/platform/i8042/serio0/input/input2
[    0.835495] rtc_cmos rtc_cmos: rtc core: registered rtc_cmos as rtc0
[    0.836954] rtc_cmos rtc_cmos: alarms up to one day, 114 bytes nvram
[    0.838292] i2c /dev entries driver
[    0.839155] device-mapper: uevent: version 1.0.3
[    0.840224] device-mapper: ioctl: 4.37.0-ioctl (2017-09-20) initialised: dm-devel@redhat.com
[    0.842203] ledtrig-cpu: registered to indicate activity on CPUs
[    0.844010] NET: Registered protocol family 10
[    0.849974] Segment Routing with IPv6
[    0.850862] NET: Registered protocol family 17
[    0.851909] Key type dns_resolver registered
[    0.853181] mce: Using 0 MCE banks
[    0.853986] RAS: Correctable Errors collector initialized.
[    0.855161] sched_clock: Marking stable (853084536, 0)->(1081835831, -228751295)
[    0.857156] registered taskstats version 1
[    0.858079] Loading compiled-in X.509 certificates
[    0.862455] Loaded X.509 cert 'Build time autogenerated kernel key: b5b26778eaa3ab3a4a6cee031137706e947d12ad'
[    0.865500] Loaded X.509 cert 'Canonical Ltd. Live Patch Signing: 14df34d1a87cf37625abec039ef2bf521249b969'
[    0.868347] Loaded X.509 cert 'Canonical Ltd. Kernel Module Signing: 88f752e560a1e0737e31163a466ad7b70a850c19'
[    0.870531] blacklist: Loading compiled-in revocation X.509 certificates
[    0.871931] Loaded X.509 cert 'Canonical Ltd. Secure Boot Signing: 61482aa2830d0ab2ad5af10b7250da9033ddcef0'
[    0.874046] Loaded X.509 cert 'Canonical Ltd. Secure Boot Signing (2017): 242ade75ac4a15e50d50c84b0d45ff3eae707a03'
[    0.876236] Loaded X.509 cert 'Canonical Ltd. Secure Boot Signing (ESM 2018): 365188c1d374d6b07c3c8f240f8ef722433d6a8b'
[    0.878525] Loaded X.509 cert 'Canonical Ltd. Secure Boot Signing (2019): c0746fd6c5da3ae827864651ad66ae47fe24b3e8'
[    0.880786] Loaded X.509 cert 'Canonical Ltd. Secure Boot Signing (2021 v1): a8d54bbb3825cfb94fa13c9f8a594a195c107b8d'
[    0.883000] Loaded X.509 cert 'Canonical Ltd. Secure Boot Signing (2021 v2): 4cf046892d6fd3c9a5b03f98d845f90851dc6a8c'
[    0.885300] Loaded X.509 cert 'Canonical Ltd. Secure Boot Signing (2021 v3): 100437bb6de6e469b581e61cd66bce3ef4ed53af'
[    0.887600] Loaded X.509 cert 'Canonical Ltd. Secure Boot Signing (Ubuntu Core 2019): c1d57b8f6b743f23ee41f4f7ee292f06eecadfb9'
[    0.890129] zswap: loaded using pool lzo/zbud
[    0.895748] Key type big_key registered
[    0.896690] Key type trusted registered
[    0.899804] Key type encrypted registered
[    0.900989] AppArmor: AppArmor sha1 policy hashing enabled
[    0.902147] ima: No TPM chip found, activating TPM-bypass! (rc=-19)
[    0.903441] ima: Allocated hash algorithm: sha1
[    0.904494] evm: HMAC attrs: 0x1
[    0.905494]   Magic number: 12:276:248
[    0.906540] rtc_cmos rtc_cmos: setting system clock to 2024-06-25 21:12:00 UTC (1719349920)
[    0.908643] BIOS EDD facility v0.16 2004-Jun-25, 0 devices found
[    0.909930] EDD information not available.
[    1.140697] Freeing unused kernel image memory: 2480K
[    1.156925] Write protecting the kernel read-only data: 20480k
[    1.162510] Freeing unused kernel image memory: 2008K
[    1.166846] Freeing unused kernel image memory: 1820K
[    1.199493] x86/mm: Checked W+X mappings: passed, no W+X pages found.
[    1.203843] x86/mm: Checking user space page tables
[    1.242513] x86/mm: Checked W+X mappings: passed, no W+X pages found.
Loading, please wait...
starting version 237
[    1.517219] e1000: Intel(R) PRO/1000 Network Driver - version 7.3.21-k8-NAPI
[    1.521641] e1000: Copyright (c) 1999-2006 Intel Corporation.
[    1.527485] Fusion MPT base driver 3.04.20
[    1.530382] Copyright (c) 1999-2008 LSI Corporation
[    1.568298] Fusion MPT SPI Host driver 3.04.20
[    1.595399] AVX2 version of gcm_enc/dec engaged.
[    1.597041] AES CTR mode by8 optimization enabled
[    1.741522] input: ImExPS/2 Generic Explorer Mouse as /devices/platform/i8042/serio1/input/input4
[    2.349858] e1000 0000:00:03.0 eth0: (PCI:33MHz:32-bit) 02:3b:7b:b7:3b:2d
[    2.354143] e1000 0000:00:03.0 eth0: Intel(R) PRO/1000 Network Connection
[    2.360685] mptbase: ioc0: Initiating bringup
[    2.469057] ioc0: LSI53C1030 A0: Capabilities={Initiator}
[    2.718712] scsi host2: ioc0: LSI53C1030 A0, FwRev=00000000h, Ports=1, MaxQ=256, IRQ=20
[    2.889129] scsi 2:0:0:0: Direct-Access     VBOX     HARDDISK         1.0  PQ: 0 ANSI: 5
[    2.916097] scsi target2:0:0: Beginning Domain Validation
[    2.922425] scsi target2:0:0: Domain Validation skipping write tests
[    2.924358] scsi target2:0:0: Ending Domain Validation
[    2.926129] scsi target2:0:0: asynchronous
[    2.928242] scsi 2:0:1:0: Direct-Access     VBOX     HARDDISK         1.0  PQ: 0 ANSI: 5
[    3.256054] scsi target2:0:1: Beginning Domain Validation
[    3.259653] scsi target2:0:1: Domain Validation skipping write tests
[    3.261644] scsi target2:0:1: Ending Domain Validation
[    3.263432] scsi target2:0:1: asynchronous
[    3.276545] sd 2:0:0:0: Attached scsi generic sg0 type 0
[    3.276876] sd 2:0:0:0: [sda] 83886080 512-byte logical blocks: (42.9 GB/40.0 GiB)
[    3.278606] sd 2:0:1:0: Attached scsi generic sg1 type 0
[    3.280719] sd 2:0:0:0: [sda] Write Protect is off
[    3.284935] sd 2:0:1:0: [sdb] 20480 512-byte logical blocks: (10.5 MB/10.0 MiB)
[    3.286748] sd 2:0:1:0: [sdb] Write Protect is off
[    3.288085] sd 2:0:1:0: [sdb] Incomplete mode parameter data
[    3.289432] sd 2:0:1:0: [sdb] Assuming drive cache: write through
[    3.292760] sd 2:0:0:0: [sda] Incomplete mode parameter data
[    3.294415] sd 2:0:0:0: [sda] Assuming drive cache: write through
[    3.299075]  sda: sda1
[    3.301291] sd 2:0:1:0: [sdb] Attached SCSI disk
[    3.302726] sd 2:0:0:0: [sda] Attached SCSI disk
[    3.309489] e1000 0000:00:08.0 eth1: (PCI:33MHz:32-bit) 08:00:27:96:83:f2
[    3.311421] e1000 0000:00:08.0 eth1: Intel(R) PRO/1000 Network Connection
[    3.314674] e1000 0000:00:08.0 enp0s8: renamed from eth1
[    3.336572] e1000 0000:00:03.0 enp0s3: renamed from eth0
Begin: Loading essential drivers ... [    5.060687] raid6: sse2x1   gen()  4776 MB/s
[    5.112044] raid6: sse2x1   xor()  2495 MB/s
[    5.160194] raid6: sse2x2   gen()  7633 MB/s
[    5.208064] raid6: sse2x2   xor()  4967 MB/s
[    5.256039] raid6: sse2x4   gen()  8680 MB/s
[    5.304035] raid6: sse2x4   xor()  5903 MB/s
[    5.352030] raid6: avx2x1   gen() 15519 MB/s
[    5.400039] raid6: avx2x1   xor() 10264 MB/s
[    5.448029] raid6: avx2x2   gen() 20595 MB/s
[    5.496026] raid6: avx2x2   xor() 13355 MB/s
[    5.544033] raid6: avx2x4   gen() 21052 MB/s
[    5.592028] raid6: avx2x4   xor() 11797 MB/s
[    5.592977] raid6: using algorithm avx2x4 gen() 21052 MB/s
[    5.594159] raid6: .... xor() 11797 MB/s, rmw enabled
[    5.595230] raid6: using avx2x2 recovery algorithm
[    5.597627] xor: automatically using best checksumming function   avx       
[    5.600399] async_tx: api initialized (async)
done.
Begin: Running /scripts/init-premount ... done.
Begin: Mounting root file system ... Begin: Running /scripts/local-top ... done.
Begin: Running /scripts/local-premount ... [    5.662173] Btrfs loaded, crc32c=crc32c-intel
Scanning for Btrfs filesystems
done.
Warning: fsck not present, so skipping root file system
[    5.702350] EXT4-fs (sda1): mounted filesystem with ordered data mode. Opts: (null)
done.
Begin: Running /scripts/local-bottom ... done.
Begin: Running /scripts/init-bottom ... done.
[    6.005658] ip_tables: (C) 2000-2006 Netfilter Core Team
[    6.029596] systemd[1]: systemd 237 running in system mode. (+PAM +AUDIT +SELINUX +IMA +APPARMOR +SMACK +SYSVINIT +UTMP +LIBCRYPTSETUP +GCRYPT +GNUTLS +ACL +XZ +LZ4 +SECCOMP +BLKID +ELFUTILS +KMOD -IDN2 +IDN -PCRE2 default-hierarchy=hybrid)
[    6.041195] systemd[1]: Detected virtualization oracle.
[    6.044161] systemd[1]: Detected architecture x86-64.

Welcome to [1mUbuntu 18.04.6 LTS[0m!

[    6.059083] systemd[1]: Set hostname to <ubuntu>.
[    6.066503] systemd[1]: Initializing machine ID from random generator.
[    6.069578] systemd[1]: Installed transient /etc/machine-id file.
[    6.525801] systemd[1]: Set up automount Arbitrary Executable File Formats File System Automount Point.
[[0;32m  OK  [0m] Set up automount Arbitrary Executab…rmats File System Automount Point.
[    6.531504] systemd[1]: Created slice System Slice.
[[0;32m  OK  [0m] Created slice System Slice.
[    6.544293] systemd[1]: Listening on Journal Socket.
[[0;32m  OK  [0m] Listening on Journal Socket.
[    6.557261] systemd[1]: Mounting Kernel Debug File System...
         Mounting Kernel Debug File System...
[[0;32m  OK  [0m] Listening on udev Kernel Socket.
[[0;32m  OK  [0m] Listening on LVM2 metadata daemon socket.
[[0;32m  OK  [0m] Listening on Device-mapper event daemon FIFOs.
         Starting Monitoring of LVM2 mirrors…ng dmeventd or progress polling...
[[0;32m  OK  [0m] Listening on Journal Audit Socket.
[[0;32m  OK  [0m] Reached target System Time Synchronized.
         Starting Load Kernel Modules...
         Starting Create list of required st…ce nodes for the current kernel...
[[0;32m  OK  [0m] Reached target Swap.
         Mounting POSIX Message Queue File System...
[[0;32m  OK  [0m] Listening on Syslog Socket.
         Mounting Huge Pages File System...
[[0;32m  OK  [0m] Created slice User and Session Slice.
[[0;32m  OK  [0m] Reached target Mounting snaps.
[[0;32m  OK  [0m] Reached target Mounted snaps.
[[0;32m  OK  [0m] Listening on fsck to fsckd communication Socket.
[[0;32m  OK  [0m] Listening on /dev/initctl Compatibility Named Pipe.
         Starting Uncomplicated firewall...
[    6.616531] Loading iSCSI transport class v2.0-870.
[[0;32m  OK  [0m] Started Forward Password Requests to Wall Directory Watch.
[[0;32m  OK  [0m] Listening on Journal Socket (/dev/log).
[[0;32m  OK  [0m] Created slice system-serial\x2dgetty.slice.
         Starting Journal Service...
[    6.639110] iscsi: registered transport (tcp)
[[0;32m  OK  [0m] Reached target Slices.
[[0;32m  OK  [0m] Listening on udev Control Socket.
         Starting File System Check on Root Device...
[[0;32m  OK  [0m] Listening on LVM2 poll daemon socket.
[[0;32m  OK  [0m] Reached target User and Group Name Lookups.
[[0;32m  OK  [0m] Listening on Network Service Netlink Socket.
         Starting udev Coldplug all Devices...
         Starting Set the console keyboard layout...
[[0;32m  OK  [0m] Mounted Kernel Debug File System.
[[0;32m  OK  [0m] Started Create list of required sta…vice nodes for the current kernel.
[[0;32m  OK  [0m] Mounted POSIX Message Queue File System.
[[0;32m  OK  [0m] Mounted Huge Pages File System.
[[0;32m  OK  [0m] Started Uncomplicated firewall.
[[0;32m  OK  [0m] Started LVM2 metadata daemon.
         Starting Create Static Device Nodes in /dev...
[[0;32m  OK  [0m] Started File System Check Daemon to report status.
[[0;32m  OK  [0m] Started Journal Service.
[    6.711594] iscsi: registered transport (iser)
[[0;32m  OK  [0m] Started Load Kernel Modules.
         Mounting Kernel Configuration File System...
         Starting Apply Kernel Variables...
         Mounting FUSE Control File System...
[[0;32m  OK  [0m] Mounted Kernel Configuration File System.
[[0;32m  OK  [0m] Mounted FUSE Control File System.
[[0;32m  OK  [0m] Started udev Coldplug all Devices.
[[0;32m  OK  [0m] Started Create Static Device Nodes in /dev.
[[0;32m  OK  [0m] Started File System Check on Root Device.
         Starting Remount Root and Kernel File Systems...
[[0;32m  OK  [0m] Started Monitoring of LVM2 mirrors,…sing dmeventd or progress polling.
[[0;32m  OK  [0m] Started Apply Kernel Variables.
[[0;32m  OK  [0m] Started Remount Root and Kernel File Systems.
         Starting Flush Journal to Persistent Storage...
         Starting udev Kernel Device Manager...
         Starting Load/Save Random Seed...
[[0;32m  OK  [0m] Started Load/Save Random Seed.
[[0;32m  OK  [0m] Started udev Kernel Device Manager.
[[0;32m  OK  [0m] Started Flush Journal to Persistent Storage.
[[0;32m  OK  [0m] Found device /dev/ttyS0.
[[0;32m  OK  [0m] Listening on Load/Save RF Kill Switch Status /dev/rfkill Watch.
         Mounting Arbitrary Executable File Formats File System...
[[0;32m  OK  [0m] Mounted Arbitrary Executable File Formats File System.
[[0;32m  OK  [0m] Started Set the console keyboard layout.
[[0;32m  OK  [0m] Started Dispatch Password Requests to Console Directory Watch.
[[0;32m  OK  [0m] Reached target Local Encrypted Volumes.
[[0;32m  OK  [0m] Reached target Local File Systems (Pre).
[[0;32m  OK  [0m] Reached target Local File Systems.
         Starting Tell Plymouth To Write Out Runtime Data...
         Starting Commit a transient machine-id on disk...
         Starting AppArmor initialization...
         Starting Create Volatile Files and Directories...
         Starting Set console font and keymap...
         Starting ebtables ruleset management...
[[0;32m  OK  [0m] Started Tell Plymouth To Write Out Runtime Data.
[[0;32m  OK  [0m] Started Create Volatile Files and Directories.
         Starting Update UTMP about System Boot/Shutdown...
[[0;32m  OK  [0m] Started Update UTMP about System Boot/Shutdown.
[[0;32m  OK  [0m] Started Commit a transient machine-id on disk.
[[0;32m  OK  [0m] Started ebtables ruleset management.
[[0;32m  OK  [0m] Started AppArmor initialization.
         Starting Load AppArmor profiles managed internally by snapd...
         Starting Initial cloud-init job (pre-networking)...
[[0;32m  OK  [0m] Started Load AppArmor profiles managed internally by snapd.
[[0;32m  OK  [0m] Started Set console font and keymap.
[   11.250563] cloud-init[826]: Cloud-init v. 23.1.2-0ubuntu0~18.04.1 running 'init-local' at Tue, 25 Jun 2024 21:12:10 +0000. Up 10.79 seconds.
[[0;32m  OK  [0m] Started Initial cloud-init job (pre-networking).
[[0;32m  OK  [0m] Reached target Network (Pre).
         Starting Network Service...
[[0;32m  OK  [0m] Started Network Service.
         Starting Wait for Network to be Configured...
         Starting Network Name Resolution...
[[0;32m  OK  [0m] Started Network Name Resolution.
[[0;32m  OK  [0m] Reached target Host and Network Name Lookups.
[[0;32m  OK  [0m] Reached target Network.
[[0;32m  OK  [0m] Started Wait for Network to be Configured.
         Starting Initial cloud-init job (metadata service crawler)...
[   13.637884] cloud-init[983]: Cloud-init v. 23.1.2-0ubuntu0~18.04.1 running 'init' at Tue, 25 Jun 2024 21:12:12 +0000. Up 13.36 seconds.
[   13.640402] cloud-init[983]: ci-info: ++++++++++++++++++++++++++++++++++++++Net device info+++++++++++++++++++++++++++++++++++++++
[   13.642245] cloud-init[983]: ci-info: +--------+-------+----------------------------+---------------+--------+-------------------+
[   13.643988] cloud-init[983]: ci-info: | Device |   Up  |          Address           |      Mask     | Scope  |     Hw-Address    |
[   13.645372] cloud-init[983]: ci-info: +--------+-------+----------------------------+---------------+--------+-------------------+
[   13.647048] cloud-init[983]: ci-info: | enp0s3 |  True |         10.0.2.15          | 255.255.255.0 | global | 02:3b:7b:b7:3b:2d |
[   13.649378] cloud-init[983]: ci-info: | enp0s3 |  True | fe80::3b:7bff:feb7:3b2d/64 |       .       |  link  | 02:3b:7b:b7:3b:2d |
[   13.651699] cloud-init[983]: ci-info: | enp0s8 | False |             .              |       .       |   .    | 08:00:27:96:83:f2 |
[   13.654059] cloud-init[983]: ci-info: |   lo   |  True |         127.0.0.1          |   255.0.0.0   |  host  |         .         |
[   13.656316] cloud-init[983]: ci-info: |   lo   |  True |          ::1/128           |       .       |  host  |         .         |
[   13.658123] cloud-init[983]: ci-info: +--------+-------+----------------------------+---------------+--------+-------------------+
[   13.659918] cloud-init[983]: ci-info: ++++++++++++++++++++++++++++Route IPv4 info+++++++++++++++++++++++++++++
[   13.661413] cloud-init[983]: ci-info: +-------+-------------+----------+-----------------+-----------+-------+
[   13.663007] cloud-init[983]: ci-info: | Route | Destination | Gateway  |     Genmask     | Interface | Flags |
[   13.664641] cloud-init[983]: ci-info: +-------+-------------+----------+-----------------+-----------+-------+
[   13.666077] cloud-init[983]: ci-info: |   0   |   0.0.0.0   | 10.0.2.2 |     0.0.0.0     |   enp0s3  |   UG  |
[   13.667486] cloud-init[983]: ci-info: |   1   |   10.0.2.0  | 0.0.0.0  |  255.255.255.0  |   enp0s3  |   U   |
[   13.669014] cloud-init[983]: ci-info: |   2   |   10.0.2.2  | 0.0.0.0  | 255.255.255.255 |   enp0s3  |   UH  |
[   13.670374] cloud-init[983]: ci-info: +-------+-------------+----------+-----------------+-----------+-------+
[   13.671796] cloud-init[983]: ci-info: +++++++++++++++++++Route IPv6 info+++++++++++++++++++
[   13.673094] cloud-init[983]: ci-info: +-------+-------------+---------+-----------+-------+
[   13.674325] cloud-init[983]: ci-info: | Route | Destination | Gateway | Interface | Flags |
[   13.675590] cloud-init[983]: ci-info: +-------+-------------+---------+-----------+-------+
[   13.676882] cloud-init[983]: ci-info: |   1   |  fe80::/64  |    ::   |   enp0s3  |   U   |
[   13.678293] cloud-init[983]: ci-info: |   3   |    local    |    ::   |   enp0s3  |   U   |
[   13.679496] cloud-init[983]: ci-info: |   4   |   ff00::/8  |    ::   |   enp0s3  |   U   |
[   13.681351] cloud-init[983]: ci-info: +-------+-------------+---------+-----------+-------+
[   15.475561] cloud-init[983]: Generating public/private rsa key pair.
[   15.477065] cloud-init[983]: Your identification has been saved in /etc/ssh/ssh_host_rsa_key.
[   15.478575] cloud-init[983]: Your public key has been saved in /etc/ssh/ssh_host_rsa_key.pub.
[   15.480290] cloud-init[983]: The key fingerprint is:
[   15.481397] cloud-init[983]: SHA256:Enm6rIuhJb0NklOTfe1MbqKJm1NPF8PeTRxhpsL8Nhw root@ubuntu-bionic
[   15.483081] cloud-init[983]: The key's randomart image is:
[   15.484305] cloud-init[983]: +---[RSA 2048]----+
[   15.485406] cloud-init[983]: |            +.   |
[   15.486477] cloud-init[983]: |       +   +.    |
[   15.487539] cloud-init[983]: |      o.= E. .   |
[   15.488651] cloud-init[983]: |   o   =++ .o    |
[   15.489778] cloud-init[983]: |  + . +.S+=o     |
[   15.490957] cloud-init[983]: | + ..o.Bo....    |
[   15.492164] cloud-init[983]: |= =. o+.=        |
[   15.493327] cloud-init[983]: | *.O +.o         |
[   15.494529] cloud-init[983]: |. *o*.           |
[   15.495752] cloud-init[983]: +----[SHA256]-----+
[   15.496952] cloud-init[983]: Generating public/private dsa key pair.
[   15.498328] cloud-init[983]: Your identification has been saved in /etc/ssh/ssh_host_dsa_key.
[   15.500136] cloud-init[983]: Your public key has been saved in /etc/ssh/ssh_host_dsa_key.pub.
[   15.502005] cloud-init[983]: The key fingerprint is:
[   15.503219] cloud-init[983]: SHA256:0ldJdhn1iSAd+9tyxBYdmikNcVH/EKPF3KZ2MMDv6VM root@ubuntu-bionic
[   15.505118] cloud-init[983]: The key's randomart image is:
[   15.506384] cloud-init[983]: +---[DSA 1024]----+
[   15.507592] cloud-init[983]: |         ..***OB.|
[   15.508778] cloud-init[983]: |          .+B=@oO|
[   15.509813] cloud-init[983]: |           o+B.B+|
[   15.510873] cloud-init[983]: |       .   .o =.+|
[   15.511980] cloud-init[983]: |      . S .  + *.|
[   15.513165] cloud-init[983]: |       . .    B E|
[   15.514416] cloud-init[983]: |             + + |
[   15.515572] cloud-init[983]: |              =  |
[   15.516853] cloud-init[983]: |               . |
[   15.518102] cloud-init[983]: +----[SHA256]-----+
[   15.519159] cloud-init[983]: Generating public/private ecdsa key pair.
[   15.520555] cloud-init[983]: Your identification has been saved in /etc/ssh/ssh_host_ecdsa_key.
[   15.522296] cloud-init[983]: Your public key has been saved in /etc/ssh/ssh_host_ecdsa_key.pub.
[   15.524084] cloud-init[983]: The key fingerprint is:
[   15.525351] cloud-init[983]: SHA256:URyM9nWuh30BhT6sx3xaT585VXH+hBqkQUPuadpsuls root@ubuntu-bionic
[   15.527196] cloud-init[983]: The key's randomart image is:
[   15.528606] cloud-init[983]: +---[ECDSA 256]---+
[   15.529763] cloud-init[983]: |         **.  o. |
[   15.530801] cloud-init[983]: |        oo+.oo...|
[   15.531612] cloud-init[983]: |       ....=oo.oo|
[   15.532483] cloud-init[983]: |         oo..+o.+|
[   15.533280] cloud-init[983]: |        S + +*..+|
[   15.534059] cloud-init[983]: |         = .++oo=|
[   15.534878] cloud-init[983]: |        . E ..+o*|
[   15.535657] cloud-init[983]: |         +   . +o|
[   15.536509] cloud-init[983]: |        +o      .|
[   15.537313] cloud-init[983]: +----[SHA256]-----+
[   15.538468] cloud-init[983]: Generating public/private ed25519 key pair.
[   15.540094] cloud-init[983]: Your identification has been saved in /etc/ssh/ssh_host_ed25519_key.
[   15.542004] cloud-init[983]: Your public key has been saved in /etc/ssh/ssh_host_ed25519_key.pub.
[   15.543930] cloud-init[983]: The key fingerprint is:
[   15.545289] cloud-init[983]: SHA256:KsbuJUyFTRH1hReZ++fGIaMHBPqt8tJuqConqzmCKdI root@ubuntu-bionic
[   15.547103] cloud-init[983]: The key's randomart image is:
[   15.548132] cloud-init[983]: +--[ED25519 256]--+
[   15.548867] cloud-init[983]: |      ++.  .o+   |
[   15.549957] cloud-init[983]: |     +   o..+    |
[   15.551210] cloud-init[983]: |    . o . o. .   |
[   15.552554] cloud-init[983]: |     . .   ..    |
[   15.553357] cloud-init[983]: |    .   S o  .   |
[   15.554329] cloud-init[983]: |   +   . . o o...|
[   15.555494] cloud-init[983]: |.o  * o o . o o+.|
[   15.556824] cloud-init[983]: |B+E+ + + + . .  +|
[   15.558172] cloud-init[983]: |Bo=o+.. *o  .  . |[[0;32m  OK  [0m] Started Initial cloud-init job (metadata service crawler).
[[0;32m  OK  [0m] Reached target Cloud-config availability.
[[0;32m  OK  [0m] Reached target System Initialization.
[[0;32m  OK  [0m] Listening on D-Bus System Message Bus Socket.
[[0;32m  OK  [0m] Started Ubuntu Advantage Timer for running repeated jobs.
[[0;32m  OK  [0m] Listening on cloud-init hotplug hook socket.
[[0;32m  OK  [0m] Listening on UUID daemon activation socket.
[[0;32m  OK  [0m] Started ACPI Events Check.
[[0;32m  OK  [0m] Started Discard unused blocks once a week.
[[0;32m  OK  [0m] Started Daily apt download activities.
[[0;32m  OK  [0m] Started Daily apt upgrade and clean activities.
[[0;32m  OK  [0m] Reached target Paths.
[[0;32m  OK  [0m] Started Message of the Day.
[[0;32m  OK  [0m] Listening on ACPID Listen Socket.
[[0;32m  OK  [0m] Started Daily Cleanup of Temporary Directories.
[[0;32m  OK  [0m] Reached target Timers.
         Starting Socket activation for snappy daemon.
[[0;32m  OK  [0m] Listening on Open-iSCSI iscsid Socket.

         Starting LXD - unix socket.
[[0;32m  OK  [0m] Reached target Network is Online.
         Starting Availability of block devices...
[[0;32m  OK  [0m] Reached target Remote File Systems (Pre).
[[0;32m  OK  [0m] Reached target Remote File Systems.
[   15.580924] cloud-init[983]: +----[SHA256]-----+
[[0;32m  OK  [0m] Listening on Socket activation for snappy daemon.
[[0;32m  OK  [0m] Listening on LXD - unix socket.
[[0;32m  OK  [0m] Reached target Sockets.
[[0;32m  OK  [0m] Reached target Basic System.
         Starting LSB: automatic crash report generation...
         Starting Permit User Sessions...
[[0;32m  OK  [0m] Started irqbalance daemon.
[[0;32m  OK  [0m] Started Deferred execution scheduler.
[[0;32m  OK  [0m] Started D-Bus System Message Bus.
         Starting LSB: Record successful boot for GRUB...
         Starting LXD - container startup/shutdown...
[[0;32m  OK  [0m] Started FUSE filesystem for LXC.
         Starting Virtualbox guest utils...
         Starting Dispatcher daemon for systemd-networkd...
[[0;32m  OK  [0m] Started Regular background program processing daemon.
         Starting System Logging Service...
[[0;32m  OK  [0m] Reached target Login Prompts (Pre).
         Starting Accounts Service...
         Starting Login Service...
         Starting Pollinate to seed the pseudo random number generator...
         Starting Snap Daemon...
[[0;32m  OK  [0m] Started System Logging Service.
[[0;32m  OK  [0m] Started Availability of block devices.
[[0;32m  OK  [0m] Started Permit User Sessions.
[[0;32m  OK  [0m] Started LXD - container startup/shutdown.
[[0;32m  OK  [0m] Started Login Service.
[[0;32m  OK  [0m] Started Unattended Upgrades Shutdown.
         Starting Terminate Plymouth Boot Screen...
         Starting Hold until boot process finishes up...
[[0;32m  OK  [0m] Started Hold until boot process finishes up.
[[0;32m  OK  [0m] Started Serial Getty on ttyS0.
         Starting Set console scheme...
[[0;32m  OK  [0m] Started Terminate Plymouth Boot Screen.
[[0;32m  OK  [0m] Started LSB: automatic crash report generation.
[[0;32m  OK  [0m] Started Set console scheme.
[[0;32m  OK  [0m] Created slice system-getty.slice.
[[0;32m  OK  [0m] Started Getty on tty1.
[[0;32m  OK  [0m] Reached target Login Prompts.
         Starting Authorization Manager...
[[0;32m  OK  [0m] Started Authorization Manager.
[[0;32m  OK  [0m] Started Accounts Service.
[[0;32m  OK  [0m] Started LSB: Record successful boot for GRUB.
[[0;32m  OK  [0m] Started Virtualbox guest utils.
[[0;32m  OK  [0m] Started Dispatcher daemon for systemd-networkd.
[[0;32m  OK  [0m] Started Snap Daemon.
         Starting Wait until snapd is fully seeded...
[[0;32m  OK  [0m] Started Pollinate to seed the pseudo random number generator.
         Starting OpenBSD Secure Shell server...
[[0;32m  OK  [0m] Started OpenBSD Secure Shell server.
[[0;32m  OK  [0m] Created slice User Slice of vagrant.
         Starting User Manager for UID 1000...
[[0;32m  OK  [0m] Started Session 1 of user vagrant.
         Starting Time & Date Service...
[[0;32m  OK  [0m] Started Time & Date Service.
[[0;32m  OK  [0m] Started User Manager for UID 1000.

Ubuntu 18.04.6 LTS ubuntu-bionic ttyS0

ubuntu-bionic login: [   26.264841] cloud-init[1732]: Cloud-init v. 23.1.2-0ubuntu0~18.04.1 running 'modules:config' at Tue, 25 Jun 2024 21:12:25 +0000. Up 25.72 seconds.
ci-info: no authorized SSH keys fingerprints found for user ubuntu.
<14>Jun 25 21:12:26 cloud-init: #############################################################
<14>Jun 25 21:12:26 cloud-init: -----BEGIN SSH HOST KEY FINGERPRINTS-----
<14>Jun 25 21:12:26 cloud-init: 1024 SHA256:0ldJdhn1iSAd+9tyxBYdmikNcVH/EKPF3KZ2MMDv6VM root@ubuntu-bionic (DSA)
<14>Jun 25 21:12:26 cloud-init: 256 SHA256:URyM9nWuh30BhT6sx3xaT585VXH+hBqkQUPuadpsuls root@ubuntu-bionic (ECDSA)
<14>Jun 25 21:12:26 cloud-init: 256 SHA256:KsbuJUyFTRH1hReZ++fGIaMHBPqt8tJuqConqzmCKdI root@ubuntu-bionic (ED25519)
<14>Jun 25 21:12:26 cloud-init: 2048 SHA256:Enm6rIuhJb0NklOTfe1MbqKJm1NPF8PeTRxhpsL8Nhw root@ubuntu-bionic (RSA)
<14>Jun 25 21:12:26 cloud-init: -----END SSH HOST KEY FINGERPRINTS-----
<14>Jun 25 21:12:26 cloud-init: #############################################################
-----BEGIN SSH HOST KEY KEYS-----
ecdsa-sha2-nistp256 AAAAE2VjZHNhLXNoYTItbmlzdHAyNTYAAAAIbmlzdHAyNTYAAABBBJByxdE7mnTsa3xksubijzDT2EXxfwuo0PjKKHXJE4tk4RQaCyAewEaRTqeSQEylt2tGZnBVob3bJRjO2zdQDpo= root@ubuntu-bionic
ssh-ed25519 AAAAC3NzaC1lZDI1NTE5AAAAIGzrHAJIgPrOd3XgCwPCl0LBaPs8f6UKwVweBnxpXZee root@ubuntu-bionic
ssh-rsa AAAAB3NzaC1yc2EAAAADAQABAAABAQDQZCileLn4iimjozWiI+V5ryscwO3RAxpcFVhDE6YoL5vH9BK3ncA3F6qSE/F0FXrnMzEPQun/cs7/hqe5VcxsUWU00bFdJnfKe6m632pJrKYNtIKnmrM2kMJZFmGvrJB1f0nLcIAJui5blPRzLdyQ/8IG9JeWCSz6sHY9cdzGYVj5jOA67upLrYqihmZLsRCQI9UbJjjP8GpRUCTlNhSSBEY9sC9pVvuLjIscLZXp4PYPK4IfJwcRwbXjG9KndGE5g0utkjcGA7/8Ie183G1xx+R4MO5yD2goTXiSRIG65D1NJ6nfTyLaR9Vycthj6h8S8M5v74usWIwMjAnPdX4p root@ubuntu-bionic
-----END SSH HOST KEY KEYS-----
[   27.243846] cloud-init[1862]: Cloud-init v. 23.1.2-0ubuntu0~18.04.1 running 'modules:final' at Tue, 25 Jun 2024 21:12:26 +0000. Up 26.98 seconds.
[   27.245733] cloud-init[1862]: Cloud-init v. 23.1.2-0ubuntu0~18.04.1 finished at Tue, 25 Jun 2024 21:12:26 +0000. Datasource DataSourceNoCloud [seed=/dev/sdb][dsmode=net].  Up 27.22 seconds
